2026-06-27 02:12:33,435 [INFO] Producer log   : /opt/flink/results/producer.log
2026-06-27 02:12:33,435 [INFO] Random seed    : 42
2026-06-27 02:12:33,436 [INFO] === Flight Event Producer ===
2026-06-27 02:12:33,436 [INFO]  Prepared data : /prepared/flights_prepared.csv
2026-06-27 02:12:33,436 [INFO]  Kafka brokers : kafka:9092
2026-06-27 02:12:33,437 [INFO]  Topic         : flights
2026-06-27 02:12:33,437 [INFO]  Acceleration  : 57600x
2026-06-27 02:12:33,437 [INFO]  Flush every   : 5000 events
2026-06-27 02:12:33,438 [INFO]  Log every     : 100000 events
2026-06-27 02:12:33,438 [INFO]  Out-of-order  : 30% of events, delivery delayed up to 120s (event time)
2026-06-27 02:12:33,438 [INFO]  Holdback dist : exponential
2026-06-27 02:12:33,439 [INFO]  Holdback mean : 40.0 s
2026-06-27 02:12:33,439 [INFO]  End-of-stream : marker per partition
2026-06-27 02:12:33,442 [INFO] <BrokerConnection client_id=kafka-python-2.3.2, node_id=bootstrap-0 host=kafka:9092 <connecting> [IPv4 ('172.18.0.2', 9092)]>: connecting to kafka:9092 [('172.18.0.2', 9092) IPv4]
2026-06-27 02:12:33,445 [INFO] <BrokerConnection client_id=kafka-python-2.3.2, node_id=bootstrap-0 host=kafka:9092 <checking_api_versions_recv> [IPv4 ('172.18.0.2', 9092)]>: Broker version identified as 2.6
2026-06-27 02:12:33,445 [INFO] <BrokerConnection client_id=kafka-python-2.3.2, node_id=bootstrap-0 host=kafka:9092 <connected> [IPv4 ('172.18.0.2', 9092)]>: Connection complete.
2026-06-27 02:12:33,449 [INFO] <BrokerConnection client_id=kafka-python-2.3.2, node_id=1 host=kafka:9092 <connecting> [IPv4 ('172.18.0.2', 9092)]>: connecting to kafka:9092 [('172.18.0.2', 9092) IPv4]
2026-06-27 02:12:33,450 [INFO] <BrokerConnection client_id=kafka-python-2.3.2, node_id=1 host=kafka:9092 <connected> [IPv4 ('172.18.0.2', 9092)]>: Connection complete.
2026-06-27 02:12:33,451 [INFO] <BrokerConnection client_id=kafka-python-2.3.2, node_id=bootstrap-0 host=kafka:9092 <connected> [IPv4 ('172.18.0.2', 9092)]>: Closing connection. 
2026-06-27 02:12:33,554 [INFO] <BrokerConnection client_id=kafka-python-2.3.2, node_id=1 host=kafka:9092 <connected> [IPv4 ('172.18.0.2', 9092)]>: Closing connection. 
2026-06-27 02:12:33,554 [INFO] Loading prepared dataset /prepared/flights_prepared.csv …
2026-06-27 02:12:35,517 [INFO] Loaded 2229453 prepared events
2026-06-27 02:12:35,520 [INFO] Event range: 2025-01-01 00:10:00+00:00 → 2025-04-30 23:59:00+00:00 (120.0 days)
2026-06-27 02:12:35,521 [INFO] Estimated replay duration at 57600x: 3.0 minutes
2026-06-27 02:12:35,531 [INFO] NiFi ready at http://nifi:9876/flights
2026-06-27 02:12:35,532 [INFO] <BrokerConnection client_id=kafka-python-producer-1, node_id=bootstrap-0 host=kafka:9092 <connecting> [IPv4 ('172.18.0.2', 9092)]>: connecting to kafka:9092 [('172.18.0.2', 9092) IPv4]
2026-06-27 02:12:35,535 [INFO] <BrokerConnection client_id=kafka-python-producer-1, node_id=bootstrap-0 host=kafka:9092 <checking_api_versions_recv> [IPv4 ('172.18.0.2', 9092)]>: Broker version identified as 2.6
2026-06-27 02:12:35,535 [INFO] <BrokerConnection client_id=kafka-python-producer-1, node_id=bootstrap-0 host=kafka:9092 <connected> [IPv4 ('172.18.0.2', 9092)]>: Connection complete.
2026-06-27 02:12:35,638 [INFO] <BrokerConnection client_id=kafka-python-producer-1, node_id=1 host=kafka:9092 <connecting> [IPv4 ('172.18.0.2', 9092)]>: connecting to kafka:9092 [('172.18.0.2', 9092) IPv4]
2026-06-27 02:12:35,639 [INFO] <BrokerConnection client_id=kafka-python-producer-1, node_id=1 host=kafka:9092 <connected> [IPv4 ('172.18.0.2', 9092)]>: Connection complete.
2026-06-27 02:12:35,639 [INFO] <BrokerConnection client_id=kafka-python-producer-1, node_id=bootstrap-0 host=kafka:9092 <connected> [IPv4 ('172.18.0.2', 9092)]>: Closing connection. 
2026-06-27 02:12:35,641 [INFO] Connected to Kafka (kafka:9092), topic 'flights'
2026-06-27 02:12:35,641 [INFO] Replay started: 2229453 events, factor=57600x, out-of-order prob=0.30, distribution=exponential, max delivery delay=120s (event time)
2026-06-27 02:12:37,185 [INFO] Sent 5000 / 2229453  (0.2%)  elapsed=1.5s  throughput=3240 ev/s
2026-06-27 02:12:37,576 [INFO] Sent 10000 / 2229453  (0.4%)  elapsed=1.9s  throughput=5169 ev/s
2026-06-27 02:12:38,007 [INFO] Sent 15000 / 2229453  (0.7%)  elapsed=2.4s  throughput=6341 ev/s
2026-06-27 02:12:38,777 [INFO] Sent 20000 / 2229453  (0.9%)  elapsed=3.1s  throughput=6378 ev/s
2026-06-27 02:12:39,265 [INFO] Sent 25000 / 2229453  (1.1%)  elapsed=3.6s  throughput=6899 ev/s
2026-06-27 02:12:39,668 [INFO] Sent 30000 / 2229453  (1.3%)  elapsed=4.0s  throughput=7450 ev/s
2026-06-27 02:12:40,065 [INFO] Sent 35000 / 2229453  (1.6%)  elapsed=4.4s  throughput=7912 ev/s
2026-06-27 02:12:40,467 [INFO] Sent 40000 / 2229453  (1.8%)  elapsed=4.8s  throughput=8290 ev/s
2026-06-27 02:12:40,845 [INFO] Sent 45000 / 2229453  (2.0%)  elapsed=5.2s  throughput=8649 ev/s
2026-06-27 02:12:41,225 [INFO] Sent 50000 / 2229453  (2.2%)  elapsed=5.6s  throughput=8954 ev/s
2026-06-27 02:12:41,626 [INFO] Sent 55000 / 2229453  (2.5%)  elapsed=6.0s  throughput=9190 ev/s
2026-06-27 02:12:42,025 [INFO] Sent 60000 / 2229453  (2.7%)  elapsed=6.4s  throughput=9400 ev/s
2026-06-27 02:12:42,399 [INFO] Sent 65000 / 2229453  (2.9%)  elapsed=6.8s  throughput=9619 ev/s
2026-06-27 02:12:42,766 [INFO] Sent 70000 / 2229453  (3.1%)  elapsed=7.1s  throughput=9826 ev/s
2026-06-27 02:12:43,166 [INFO] Sent 75000 / 2229453  (3.4%)  elapsed=7.5s  throughput=9967 ev/s
2026-06-27 02:12:43,567 [INFO] Sent 80000 / 2229453  (3.6%)  elapsed=7.9s  throughput=10094 ev/s
2026-06-27 02:12:44,003 [INFO] Sent 85000 / 2229453  (3.8%)  elapsed=8.4s  throughput=10166 ev/s
2026-06-27 02:12:44,367 [INFO] Sent 90000 / 2229453  (4.0%)  elapsed=8.7s  throughput=10315 ev/s
2026-06-27 02:12:44,703 [INFO] Sent 95000 / 2229453  (4.3%)  elapsed=9.1s  throughput=10484 ev/s
2026-06-27 02:12:45,041 [INFO] Sent 100000 / 2229453  (4.5%)  elapsed=9.4s  throughput=10638 ev/s
2026-06-27 02:12:45,377 [INFO] Sent 105000 / 2229453  (4.7%)  elapsed=9.7s  throughput=10786 ev/s
2026-06-27 02:12:45,737 [INFO] Sent 110000 / 2229453  (4.9%)  elapsed=10.1s  throughput=10896 ev/s
2026-06-27 02:12:46,075 [INFO] Sent 115000 / 2229453  (5.2%)  elapsed=10.4s  throughput=11023 ev/s
2026-06-27 02:12:46,434 [INFO] Sent 120000 / 2229453  (5.4%)  elapsed=10.8s  throughput=11119 ev/s
2026-06-27 02:12:46,820 [INFO] Sent 125000 / 2229453  (5.6%)  elapsed=11.2s  throughput=11182 ev/s
2026-06-27 02:12:47,194 [INFO] Sent 130000 / 2229453  (5.8%)  elapsed=11.6s  throughput=11253 ev/s
2026-06-27 02:12:47,547 [INFO] Sent 135000 / 2229453  (6.1%)  elapsed=11.9s  throughput=11340 ev/s
2026-06-27 02:12:47,920 [INFO] Sent 140000 / 2229453  (6.3%)  elapsed=12.3s  throughput=11402 ev/s
2026-06-27 02:12:48,296 [INFO] Sent 145000 / 2229453  (6.5%)  elapsed=12.7s  throughput=11458 ev/s
2026-06-27 02:12:48,629 [INFO] Sent 150000 / 2229453  (6.7%)  elapsed=13.0s  throughput=11549 ev/s
2026-06-27 02:12:48,977 [INFO] Sent 155000 / 2229453  (7.0%)  elapsed=13.3s  throughput=11623 ev/s
2026-06-27 02:12:49,324 [INFO] Sent 160000 / 2229453  (7.2%)  elapsed=13.7s  throughput=11694 ev/s
2026-06-27 02:12:49,676 [INFO] Sent 165000 / 2229453  (7.4%)  elapsed=14.0s  throughput=11757 ev/s
2026-06-27 02:12:49,994 [INFO] Sent 170000 / 2229453  (7.6%)  elapsed=14.4s  throughput=11844 ev/s
2026-06-27 02:12:50,365 [INFO] Sent 175000 / 2229453  (7.8%)  elapsed=14.7s  throughput=11886 ev/s
2026-06-27 02:12:50,739 [INFO] Sent 180000 / 2229453  (8.1%)  elapsed=15.1s  throughput=11922 ev/s
2026-06-27 02:12:51,257 [INFO] Sent 185000 / 2229453  (8.3%)  elapsed=15.6s  throughput=11847 ev/s
2026-06-27 02:12:51,604 [INFO] Sent 190000 / 2229453  (8.5%)  elapsed=16.0s  throughput=11903 ev/s
2026-06-27 02:12:51,937 [INFO] Sent 195000 / 2229453  (8.7%)  elapsed=16.3s  throughput=11966 ev/s
2026-06-27 02:12:52,766 [INFO] Sent 200000 / 2229453  (9.0%)  elapsed=17.1s  throughput=11679 ev/s
2026-06-27 02:12:53,084 [INFO] Sent 205000 / 2229453  (9.2%)  elapsed=17.4s  throughput=11753 ev/s
2026-06-27 02:12:53,404 [INFO] Sent 210000 / 2229453  (9.4%)  elapsed=17.8s  throughput=11823 ev/s
2026-06-27 02:12:54,032 [INFO] Sent 215000 / 2229453  (9.6%)  elapsed=18.4s  throughput=11691 ev/s
2026-06-27 02:12:54,381 [INFO] Sent 220000 / 2229453  (9.9%)  elapsed=18.7s  throughput=11740 ev/s
2026-06-27 02:12:54,730 [INFO] Sent 225000 / 2229453  (10.1%)  elapsed=19.1s  throughput=11787 ev/s
2026-06-27 02:12:55,072 [INFO] Sent 230000 / 2229453  (10.3%)  elapsed=19.4s  throughput=11837 ev/s
2026-06-27 02:12:55,729 [INFO] Sent 235000 / 2229453  (10.5%)  elapsed=20.1s  throughput=11699 ev/s
2026-06-27 02:12:56,058 [INFO] Sent 240000 / 2229453  (10.8%)  elapsed=20.4s  throughput=11755 ev/s
2026-06-27 02:12:56,400 [INFO] Sent 245000 / 2229453  (11.0%)  elapsed=20.8s  throughput=11802 ev/s
2026-06-27 02:12:57,124 [INFO] Sent 250000 / 2229453  (11.2%)  elapsed=21.5s  throughput=11638 ev/s
2026-06-27 02:12:57,457 [INFO] Sent 255000 / 2229453  (11.4%)  elapsed=21.8s  throughput=11689 ev/s
2026-06-27 02:12:57,788 [INFO] Sent 260000 / 2229453  (11.7%)  elapsed=22.1s  throughput=11740 ev/s
2026-06-27 02:12:58,551 [INFO] Sent 265000 / 2229453  (11.9%)  elapsed=22.9s  throughput=11567 ev/s
2026-06-27 02:12:58,884 [INFO] Sent 270000 / 2229453  (12.1%)  elapsed=23.2s  throughput=11617 ev/s
2026-06-27 02:12:59,241 [INFO] Sent 275000 / 2229453  (12.3%)  elapsed=23.6s  throughput=11653 ev/s
2026-06-27 02:12:59,610 [INFO] Sent 280000 / 2229453  (12.6%)  elapsed=24.0s  throughput=11682 ev/s
2026-06-27 02:13:00,156 [INFO] Sent 285000 / 2229453  (12.8%)  elapsed=24.5s  throughput=11626 ev/s
2026-06-27 02:13:00,520 [INFO] Sent 290000 / 2229453  (13.0%)  elapsed=24.9s  throughput=11657 ev/s
2026-06-27 02:13:00,850 [INFO] Sent 295000 / 2229453  (13.2%)  elapsed=25.2s  throughput=11702 ev/s
2026-06-27 02:13:01,177 [INFO] Sent 300000 / 2229453  (13.5%)  elapsed=25.5s  throughput=11749 ev/s
2026-06-27 02:13:01,749 [INFO] Sent 305000 / 2229453  (13.7%)  elapsed=26.1s  throughput=11682 ev/s
2026-06-27 02:13:02,082 [INFO] Sent 310000 / 2229453  (13.9%)  elapsed=26.4s  throughput=11724 ev/s
2026-06-27 02:13:02,471 [INFO] Sent 315000 / 2229453  (14.1%)  elapsed=26.8s  throughput=11741 ev/s
2026-06-27 02:13:03,282 [INFO] Sent 320000 / 2229453  (14.4%)  elapsed=27.6s  throughput=11576 ev/s
2026-06-27 02:13:03,619 [INFO] Sent 325000 / 2229453  (14.6%)  elapsed=28.0s  throughput=11616 ev/s
2026-06-27 02:13:03,954 [INFO] Sent 330000 / 2229453  (14.8%)  elapsed=28.3s  throughput=11655 ev/s
2026-06-27 02:13:04,650 [INFO] Sent 335000 / 2229453  (15.0%)  elapsed=29.0s  throughput=11548 ev/s
2026-06-27 02:13:04,975 [INFO] Sent 340000 / 2229453  (15.3%)  elapsed=29.3s  throughput=11590 ev/s
2026-06-27 02:13:05,295 [INFO] Sent 345000 / 2229453  (15.5%)  elapsed=29.7s  throughput=11634 ev/s
2026-06-27 02:13:05,620 [INFO] Sent 350000 / 2229453  (15.7%)  elapsed=30.0s  throughput=11674 ev/s
2026-06-27 02:13:06,245 [INFO] Sent 355000 / 2229453  (15.9%)  elapsed=30.6s  throughput=11599 ev/s
2026-06-27 02:13:06,570 [INFO] Sent 360000 / 2229453  (16.1%)  elapsed=30.9s  throughput=11639 ev/s
2026-06-27 02:13:06,890 [INFO] Sent 365000 / 2229453  (16.4%)  elapsed=31.3s  throughput=11680 ev/s
2026-06-27 02:13:07,670 [INFO] Sent 370000 / 2229453  (16.6%)  elapsed=32.0s  throughput=11551 ev/s
2026-06-27 02:13:07,997 [INFO] Sent 375000 / 2229453  (16.8%)  elapsed=32.4s  throughput=11589 ev/s
2026-06-27 02:13:08,332 [INFO] Sent 380000 / 2229453  (17.0%)  elapsed=32.7s  throughput=11623 ev/s
2026-06-27 02:13:09,096 [INFO] Sent 385000 / 2229453  (17.3%)  elapsed=33.5s  throughput=11508 ev/s
2026-06-27 02:13:09,427 [INFO] Sent 390000 / 2229453  (17.5%)  elapsed=33.8s  throughput=11543 ev/s
2026-06-27 02:13:09,750 [INFO] Sent 395000 / 2229453  (17.7%)  elapsed=34.1s  throughput=11580 ev/s
2026-06-27 02:13:10,076 [INFO] Sent 400000 / 2229453  (17.9%)  elapsed=34.4s  throughput=11616 ev/s
2026-06-27 02:13:10,708 [INFO] Sent 405000 / 2229453  (18.2%)  elapsed=35.1s  throughput=11549 ev/s
2026-06-27 02:13:11,035 [INFO] Sent 410000 / 2229453  (18.4%)  elapsed=35.4s  throughput=11583 ev/s
2026-06-27 02:13:11,360 [INFO] Sent 415000 / 2229453  (18.6%)  elapsed=35.7s  throughput=11618 ev/s
2026-06-27 02:13:11,990 [INFO] Sent 420000 / 2229453  (18.8%)  elapsed=36.4s  throughput=11554 ev/s
2026-06-27 02:13:12,320 [INFO] Sent 425000 / 2229453  (19.1%)  elapsed=36.7s  throughput=11587 ev/s
2026-06-27 02:13:12,645 [INFO] Sent 430000 / 2229453  (19.3%)  elapsed=37.0s  throughput=11620 ev/s
2026-06-27 02:13:13,480 [INFO] Sent 435000 / 2229453  (19.5%)  elapsed=37.8s  throughput=11496 ev/s
2026-06-27 02:13:13,830 [INFO] Sent 440000 / 2229453  (19.7%)  elapsed=38.2s  throughput=11521 ev/s
2026-06-27 02:13:14,148 [INFO] Sent 445000 / 2229453  (20.0%)  elapsed=38.5s  throughput=11556 ev/s
2026-06-27 02:13:14,478 [INFO] Sent 450000 / 2229453  (20.2%)  elapsed=38.8s  throughput=11586 ev/s
2026-06-27 02:13:15,079 [INFO] Sent 455000 / 2229453  (20.4%)  elapsed=39.4s  throughput=11537 ev/s
2026-06-27 02:13:15,402 [INFO] Sent 460000 / 2229453  (20.6%)  elapsed=39.8s  throughput=11569 ev/s
2026-06-27 02:13:15,727 [INFO] Sent 465000 / 2229453  (20.9%)  elapsed=40.1s  throughput=11600 ev/s
2026-06-27 02:13:16,080 [INFO] Sent 470000 / 2229453  (21.1%)  elapsed=40.4s  throughput=11622 ev/s
2026-06-27 02:13:16,719 [INFO] Sent 475000 / 2229453  (21.3%)  elapsed=41.1s  throughput=11563 ev/s
2026-06-27 02:13:17,056 [INFO] Sent 480000 / 2229453  (21.5%)  elapsed=41.4s  throughput=11590 ev/s
2026-06-27 02:13:17,377 [INFO] Sent 485000 / 2229453  (21.8%)  elapsed=41.7s  throughput=11620 ev/s
2026-06-27 02:13:18,173 [INFO] Sent 490000 / 2229453  (22.0%)  elapsed=42.5s  throughput=11520 ev/s
2026-06-27 02:13:18,508 [INFO] Sent 495000 / 2229453  (22.2%)  elapsed=42.9s  throughput=11547 ev/s
2026-06-27 02:13:18,830 [INFO] Sent 500000 / 2229453  (22.4%)  elapsed=43.2s  throughput=11577 ev/s
2026-06-27 02:13:19,575 [INFO] Sent 505000 / 2229453  (22.7%)  elapsed=43.9s  throughput=11494 ev/s
2026-06-27 02:13:19,900 [INFO] Sent 510000 / 2229453  (22.9%)  elapsed=44.3s  throughput=11523 ev/s
2026-06-27 02:13:20,221 [INFO] Sent 515000 / 2229453  (23.1%)  elapsed=44.6s  throughput=11552 ev/s
2026-06-27 02:13:20,564 [INFO] Sent 520000 / 2229453  (23.3%)  elapsed=44.9s  throughput=11575 ev/s
2026-06-27 02:13:21,189 [INFO] Sent 525000 / 2229453  (23.5%)  elapsed=45.5s  throughput=11526 ev/s
2026-06-27 02:13:21,532 [INFO] Sent 530000 / 2229453  (23.8%)  elapsed=45.9s  throughput=11549 ev/s
2026-06-27 02:13:21,856 [INFO] Sent 535000 / 2229453  (24.0%)  elapsed=46.2s  throughput=11576 ev/s
2026-06-27 02:13:22,479 [INFO] Sent 540000 / 2229453  (24.2%)  elapsed=46.8s  throughput=11529 ev/s
2026-06-27 02:13:22,816 [INFO] Sent 545000 / 2229453  (24.4%)  elapsed=47.2s  throughput=11552 ev/s
2026-06-27 02:13:23,135 [INFO] Sent 550000 / 2229453  (24.7%)  elapsed=47.5s  throughput=11580 ev/s
2026-06-27 02:13:23,970 [INFO] Sent 555000 / 2229453  (24.9%)  elapsed=48.3s  throughput=11483 ev/s
2026-06-27 02:13:24,302 [INFO] Sent 560000 / 2229453  (25.1%)  elapsed=48.7s  throughput=11508 ev/s
2026-06-27 02:13:24,630 [INFO] Sent 565000 / 2229453  (25.3%)  elapsed=49.0s  throughput=11533 ev/s
2026-06-27 02:13:24,948 [INFO] Sent 570000 / 2229453  (25.6%)  elapsed=49.3s  throughput=11560 ev/s
2026-06-27 02:13:25,581 [INFO] Sent 575000 / 2229453  (25.8%)  elapsed=49.9s  throughput=11513 ev/s
2026-06-27 02:13:25,899 [INFO] Sent 580000 / 2229453  (26.0%)  elapsed=50.3s  throughput=11540 ev/s
2026-06-27 02:13:26,220 [INFO] Sent 585000 / 2229453  (26.2%)  elapsed=50.6s  throughput=11566 ev/s
2026-06-27 02:13:26,541 [INFO] Sent 590000 / 2229453  (26.5%)  elapsed=50.9s  throughput=11591 ev/s
2026-06-27 02:13:27,208 [INFO] Sent 595000 / 2229453  (26.7%)  elapsed=51.6s  throughput=11538 ev/s
2026-06-27 02:13:27,526 [INFO] Sent 600000 / 2229453  (26.9%)  elapsed=51.9s  throughput=11564 ev/s
2026-06-27 02:13:27,851 [INFO] Sent 605000 / 2229453  (27.1%)  elapsed=52.2s  throughput=11588 ev/s
2026-06-27 02:13:28,647 [INFO] Sent 610000 / 2229453  (27.4%)  elapsed=53.0s  throughput=11508 ev/s
2026-06-27 02:13:28,971 [INFO] Sent 615000 / 2229453  (27.6%)  elapsed=53.3s  throughput=11532 ev/s
2026-06-27 02:13:29,296 [INFO] Sent 620000 / 2229453  (27.8%)  elapsed=53.7s  throughput=11555 ev/s
2026-06-27 02:13:30,068 [INFO] Sent 625000 / 2229453  (28.0%)  elapsed=54.4s  throughput=11483 ev/s
2026-06-27 02:13:30,392 [INFO] Sent 630000 / 2229453  (28.3%)  elapsed=54.8s  throughput=11506 ev/s
2026-06-27 02:13:30,732 [INFO] Sent 635000 / 2229453  (28.5%)  elapsed=55.1s  throughput=11526 ev/s
2026-06-27 02:13:31,054 [INFO] Sent 640000 / 2229453  (28.7%)  elapsed=55.4s  throughput=11549 ev/s
2026-06-27 02:13:31,643 [INFO] Sent 645000 / 2229453  (28.9%)  elapsed=56.0s  throughput=11517 ev/s
2026-06-27 02:13:31,968 [INFO] Sent 650000 / 2229453  (29.2%)  elapsed=56.3s  throughput=11539 ev/s
2026-06-27 02:13:32,336 [INFO] Sent 655000 / 2229453  (29.4%)  elapsed=56.7s  throughput=11553 ev/s
2026-06-27 02:13:32,709 [INFO] Sent 660000 / 2229453  (29.6%)  elapsed=57.1s  throughput=11565 ev/s
2026-06-27 02:13:33,235 [INFO] Sent 665000 / 2229453  (29.8%)  elapsed=57.6s  throughput=11546 ev/s
2026-06-27 02:13:33,548 [INFO] Sent 670000 / 2229453  (30.1%)  elapsed=57.9s  throughput=11570 ev/s
2026-06-27 02:13:33,892 [INFO] Sent 675000 / 2229453  (30.3%)  elapsed=58.3s  throughput=11587 ev/s
2026-06-27 02:13:34,727 [INFO] Sent 680000 / 2229453  (30.5%)  elapsed=59.1s  throughput=11508 ev/s
2026-06-27 02:13:35,038 [INFO] Sent 685000 / 2229453  (30.7%)  elapsed=59.4s  throughput=11532 ev/s
2026-06-27 02:13:35,359 [INFO] Sent 690000 / 2229453  (30.9%)  elapsed=59.7s  throughput=11554 ev/s
2026-06-27 02:13:36,066 [INFO] Sent 695000 / 2229453  (31.2%)  elapsed=60.4s  throughput=11501 ev/s
2026-06-27 02:13:36,392 [INFO] Sent 700000 / 2229453  (31.4%)  elapsed=60.8s  throughput=11522 ev/s
2026-06-27 02:13:36,706 [INFO] Sent 705000 / 2229453  (31.6%)  elapsed=61.1s  throughput=11545 ev/s
2026-06-27 02:13:37,024 [INFO] Sent 710000 / 2229453  (31.8%)  elapsed=61.4s  throughput=11566 ev/s
2026-06-27 02:13:37,664 [INFO] Sent 715000 / 2229453  (32.1%)  elapsed=62.0s  throughput=11527 ev/s
2026-06-27 02:13:37,978 [INFO] Sent 720000 / 2229453  (32.3%)  elapsed=62.3s  throughput=11550 ev/s
2026-06-27 02:13:38,299 [INFO] Sent 725000 / 2229453  (32.5%)  elapsed=62.7s  throughput=11570 ev/s
2026-06-27 02:13:39,103 [INFO] Sent 730000 / 2229453  (32.7%)  elapsed=63.5s  throughput=11502 ev/s
2026-06-27 02:13:39,421 [INFO] Sent 735000 / 2229453  (33.0%)  elapsed=63.8s  throughput=11523 ev/s
2026-06-27 02:13:39,751 [INFO] Sent 740000 / 2229453  (33.2%)  elapsed=64.1s  throughput=11542 ev/s
2026-06-27 02:13:40,463 [INFO] Sent 745000 / 2229453  (33.4%)  elapsed=64.8s  throughput=11493 ev/s
2026-06-27 02:13:40,807 [INFO] Sent 750000 / 2229453  (33.6%)  elapsed=65.2s  throughput=11509 ev/s
2026-06-27 02:13:41,123 [INFO] Sent 755000 / 2229453  (33.9%)  elapsed=65.5s  throughput=11529 ev/s
2026-06-27 02:13:41,443 [INFO] Sent 760000 / 2229453  (34.1%)  elapsed=65.8s  throughput=11549 ev/s
2026-06-27 02:13:41,989 [INFO] Sent 765000 / 2229453  (34.3%)  elapsed=66.4s  throughput=11530 ev/s
2026-06-27 02:13:42,314 [INFO] Sent 770000 / 2229453  (34.5%)  elapsed=66.7s  throughput=11549 ev/s
2026-06-27 02:13:42,638 [INFO] Sent 775000 / 2229453  (34.8%)  elapsed=67.0s  throughput=11567 ev/s
2026-06-27 02:13:42,956 [INFO] Sent 780000 / 2229453  (35.0%)  elapsed=67.3s  throughput=11587 ev/s
2026-06-27 02:13:43,518 [INFO] Sent 785000 / 2229453  (35.2%)  elapsed=67.9s  throughput=11565 ev/s
2026-06-27 02:13:43,856 [INFO] Sent 790000 / 2229453  (35.4%)  elapsed=68.2s  throughput=11581 ev/s
2026-06-27 02:13:44,173 [INFO] Sent 795000 / 2229453  (35.7%)  elapsed=68.5s  throughput=11600 ev/s
2026-06-27 02:13:44,506 [INFO] Sent 800000 / 2229453  (35.9%)  elapsed=68.9s  throughput=11617 ev/s
2026-06-27 02:13:45,207 [INFO] Sent 805000 / 2229453  (36.1%)  elapsed=69.6s  throughput=11571 ev/s
2026-06-27 02:13:45,525 [INFO] Sent 810000 / 2229453  (36.3%)  elapsed=69.9s  throughput=11590 ev/s
2026-06-27 02:13:45,845 [INFO] Sent 815000 / 2229453  (36.6%)  elapsed=70.2s  throughput=11609 ev/s
2026-06-27 02:13:46,161 [INFO] Sent 820000 / 2229453  (36.8%)  elapsed=70.5s  throughput=11627 ev/s
2026-06-27 02:13:46,777 [INFO] Sent 825000 / 2229453  (37.0%)  elapsed=71.1s  throughput=11597 ev/s
2026-06-27 02:13:47,091 [INFO] Sent 830000 / 2229453  (37.2%)  elapsed=71.5s  throughput=11616 ev/s
2026-06-27 02:13:47,405 [INFO] Sent 835000 / 2229453  (37.5%)  elapsed=71.8s  throughput=11635 ev/s
2026-06-27 02:13:47,946 [INFO] Sent 840000 / 2229453  (37.7%)  elapsed=72.3s  throughput=11617 ev/s
2026-06-27 02:13:48,321 [INFO] Sent 845000 / 2229453  (37.9%)  elapsed=72.7s  throughput=11626 ev/s
2026-06-27 02:13:48,675 [INFO] Sent 850000 / 2229453  (38.1%)  elapsed=73.0s  throughput=11638 ev/s
2026-06-27 02:13:49,025 [INFO] Sent 855000 / 2229453  (38.4%)  elapsed=73.4s  throughput=11651 ev/s
2026-06-27 02:13:49,625 [INFO] Sent 860000 / 2229453  (38.6%)  elapsed=74.0s  throughput=11624 ev/s
2026-06-27 02:13:49,944 [INFO] Sent 865000 / 2229453  (38.8%)  elapsed=74.3s  throughput=11641 ev/s
2026-06-27 02:13:50,258 [INFO] Sent 870000 / 2229453  (39.0%)  elapsed=74.6s  throughput=11659 ev/s
2026-06-27 02:13:50,586 [INFO] Sent 875000 / 2229453  (39.2%)  elapsed=74.9s  throughput=11675 ev/s
2026-06-27 02:13:51,277 [INFO] Sent 880000 / 2229453  (39.5%)  elapsed=75.6s  throughput=11634 ev/s
2026-06-27 02:13:51,597 [INFO] Sent 885000 / 2229453  (39.7%)  elapsed=76.0s  throughput=11651 ev/s
2026-06-27 02:13:51,910 [INFO] Sent 890000 / 2229453  (39.9%)  elapsed=76.3s  throughput=11669 ev/s
2026-06-27 02:13:52,464 [INFO] Sent 895000 / 2229453  (40.1%)  elapsed=76.8s  throughput=11650 ev/s
2026-06-27 02:13:52,799 [INFO] Sent 900000 / 2229453  (40.4%)  elapsed=77.2s  throughput=11664 ev/s
2026-06-27 02:13:53,125 [INFO] Sent 905000 / 2229453  (40.6%)  elapsed=77.5s  throughput=11679 ev/s
2026-06-27 02:13:53,444 [INFO] Sent 910000 / 2229453  (40.8%)  elapsed=77.8s  throughput=11696 ev/s
2026-06-27 02:13:53,991 [INFO] Sent 915000 / 2229453  (41.0%)  elapsed=78.4s  throughput=11678 ev/s
2026-06-27 02:13:54,315 [INFO] Sent 920000 / 2229453  (41.3%)  elapsed=78.7s  throughput=11693 ev/s
2026-06-27 02:13:54,639 [INFO] Sent 925000 / 2229453  (41.5%)  elapsed=79.0s  throughput=11709 ev/s
2026-06-27 02:13:54,955 [INFO] Sent 930000 / 2229453  (41.7%)  elapsed=79.3s  throughput=11725 ev/s
2026-06-27 02:13:55,695 [INFO] Sent 935000 / 2229453  (41.9%)  elapsed=80.1s  throughput=11679 ev/s
2026-06-27 02:13:56,012 [INFO] Sent 940000 / 2229453  (42.2%)  elapsed=80.4s  throughput=11695 ev/s
2026-06-27 02:13:56,330 [INFO] Sent 945000 / 2229453  (42.4%)  elapsed=80.7s  throughput=11711 ev/s
2026-06-27 02:13:56,643 [INFO] Sent 950000 / 2229453  (42.6%)  elapsed=81.0s  throughput=11728 ev/s
2026-06-27 02:13:57,220 [INFO] Sent 955000 / 2229453  (42.8%)  elapsed=81.6s  throughput=11706 ev/s
2026-06-27 02:13:57,536 [INFO] Sent 960000 / 2229453  (43.1%)  elapsed=81.9s  throughput=11722 ev/s
2026-06-27 02:13:57,853 [INFO] Sent 965000 / 2229453  (43.3%)  elapsed=82.2s  throughput=11738 ev/s
2026-06-27 02:13:58,169 [INFO] Sent 970000 / 2229453  (43.5%)  elapsed=82.5s  throughput=11753 ev/s
2026-06-27 02:13:58,766 [INFO] Sent 975000 / 2229453  (43.7%)  elapsed=83.1s  throughput=11729 ev/s
2026-06-27 02:13:59,087 [INFO] Sent 980000 / 2229453  (44.0%)  elapsed=83.4s  throughput=11744 ev/s
2026-06-27 02:13:59,405 [INFO] Sent 985000 / 2229453  (44.2%)  elapsed=83.8s  throughput=11759 ev/s
2026-06-27 02:14:00,134 [INFO] Sent 990000 / 2229453  (44.4%)  elapsed=84.5s  throughput=11717 ev/s
2026-06-27 02:14:00,455 [INFO] Sent 995000 / 2229453  (44.6%)  elapsed=84.8s  throughput=11731 ev/s
2026-06-27 02:14:00,785 [INFO] Sent 1000000 / 2229453  (44.9%)  elapsed=85.1s  throughput=11744 ev/s
2026-06-27 02:14:01,117 [INFO] Sent 1005000 / 2229453  (45.1%)  elapsed=85.5s  throughput=11757 ev/s
2026-06-27 02:14:01,772 [INFO] Sent 1010000 / 2229453  (45.3%)  elapsed=86.1s  throughput=11726 ev/s
2026-06-27 02:14:02,096 [INFO] Sent 1015000 / 2229453  (45.5%)  elapsed=86.5s  throughput=11740 ev/s
2026-06-27 02:14:02,415 [INFO] Sent 1020000 / 2229453  (45.8%)  elapsed=86.8s  throughput=11754 ev/s
2026-06-27 02:14:02,948 [INFO] Sent 1025000 / 2229453  (46.0%)  elapsed=87.3s  throughput=11739 ev/s
2026-06-27 02:14:03,288 [INFO] Sent 1030000 / 2229453  (46.2%)  elapsed=87.7s  throughput=11751 ev/s
2026-06-27 02:14:03,627 [INFO] Sent 1035000 / 2229453  (46.4%)  elapsed=88.0s  throughput=11763 ev/s
2026-06-27 02:14:03,946 [INFO] Sent 1040000 / 2229453  (46.6%)  elapsed=88.3s  throughput=11777 ev/s
2026-06-27 02:14:04,477 [INFO] Sent 1045000 / 2229453  (46.9%)  elapsed=88.8s  throughput=11763 ev/s
2026-06-27 02:14:04,854 [INFO] Sent 1050000 / 2229453  (47.1%)  elapsed=89.2s  throughput=11769 ev/s
2026-06-27 02:14:05,184 [INFO] Sent 1055000 / 2229453  (47.3%)  elapsed=89.5s  throughput=11781 ev/s
2026-06-27 02:14:05,496 [INFO] Sent 1060000 / 2229453  (47.5%)  elapsed=89.9s  throughput=11796 ev/s
2026-06-27 02:14:06,181 [INFO] Sent 1065000 / 2229453  (47.8%)  elapsed=90.5s  throughput=11762 ev/s
2026-06-27 02:14:06,496 [INFO] Sent 1070000 / 2229453  (48.0%)  elapsed=90.9s  throughput=11776 ev/s
2026-06-27 02:14:06,817 [INFO] Sent 1075000 / 2229453  (48.2%)  elapsed=91.2s  throughput=11790 ev/s
2026-06-27 02:14:07,134 [INFO] Sent 1080000 / 2229453  (48.4%)  elapsed=91.5s  throughput=11804 ev/s
2026-06-27 02:14:07,710 [INFO] Sent 1085000 / 2229453  (48.7%)  elapsed=92.1s  throughput=11784 ev/s
2026-06-27 02:14:08,022 [INFO] Sent 1090000 / 2229453  (48.9%)  elapsed=92.4s  throughput=11798 ev/s
2026-06-27 02:14:08,338 [INFO] Sent 1095000 / 2229453  (49.1%)  elapsed=92.7s  throughput=11812 ev/s
2026-06-27 02:14:08,656 [INFO] Sent 1100000 / 2229453  (49.3%)  elapsed=93.0s  throughput=11825 ev/s
2026-06-27 02:14:09,265 [INFO] Sent 1105000 / 2229453  (49.6%)  elapsed=93.6s  throughput=11802 ev/s
2026-06-27 02:14:09,592 [INFO] Sent 1110000 / 2229453  (49.8%)  elapsed=94.0s  throughput=11814 ev/s
2026-06-27 02:14:09,911 [INFO] Sent 1115000 / 2229453  (50.0%)  elapsed=94.3s  throughput=11827 ev/s
2026-06-27 02:14:10,640 [INFO] Sent 1120000 / 2229453  (50.2%)  elapsed=95.0s  throughput=11789 ev/s
2026-06-27 02:14:10,959 [INFO] Sent 1125000 / 2229453  (50.5%)  elapsed=95.3s  throughput=11802 ev/s
2026-06-27 02:14:11,273 [INFO] Sent 1130000 / 2229453  (50.7%)  elapsed=95.6s  throughput=11816 ev/s
2026-06-27 02:14:11,622 [INFO] Sent 1135000 / 2229453  (50.9%)  elapsed=96.0s  throughput=11825 ev/s
2026-06-27 02:14:12,275 [INFO] Sent 1140000 / 2229453  (51.1%)  elapsed=96.6s  throughput=11796 ev/s
2026-06-27 02:14:12,596 [INFO] Sent 1145000 / 2229453  (51.4%)  elapsed=97.0s  throughput=11809 ev/s
2026-06-27 02:14:12,912 [INFO] Sent 1150000 / 2229453  (51.6%)  elapsed=97.3s  throughput=11822 ev/s
2026-06-27 02:14:13,226 [INFO] Sent 1155000 / 2229453  (51.8%)  elapsed=97.6s  throughput=11835 ev/s
2026-06-27 02:14:13,779 [INFO] Sent 1160000 / 2229453  (52.0%)  elapsed=98.1s  throughput=11819 ev/s
2026-06-27 02:14:14,100 [INFO] Sent 1165000 / 2229453  (52.3%)  elapsed=98.5s  throughput=11832 ev/s
2026-06-27 02:14:14,428 [INFO] Sent 1170000 / 2229453  (52.5%)  elapsed=98.8s  throughput=11843 ev/s
2026-06-27 02:14:14,757 [INFO] Sent 1175000 / 2229453  (52.7%)  elapsed=99.1s  throughput=11854 ev/s
2026-06-27 02:14:15,261 [INFO] Sent 1180000 / 2229453  (52.9%)  elapsed=99.6s  throughput=11844 ev/s
2026-06-27 02:14:15,577 [INFO] Sent 1185000 / 2229453  (53.2%)  elapsed=99.9s  throughput=11857 ev/s
2026-06-27 02:14:15,899 [INFO] Sent 1190000 / 2229453  (53.4%)  elapsed=100.3s  throughput=11869 ev/s
2026-06-27 02:14:16,571 [INFO] Sent 1195000 / 2229453  (53.6%)  elapsed=100.9s  throughput=11839 ev/s
2026-06-27 02:14:16,883 [INFO] Sent 1200000 / 2229453  (53.8%)  elapsed=101.2s  throughput=11852 ev/s
2026-06-27 02:14:17,202 [INFO] Sent 1205000 / 2229453  (54.0%)  elapsed=101.6s  throughput=11864 ev/s
2026-06-27 02:14:17,521 [INFO] Sent 1210000 / 2229453  (54.3%)  elapsed=101.9s  throughput=11876 ev/s
2026-06-27 02:14:18,057 [INFO] Sent 1215000 / 2229453  (54.5%)  elapsed=102.4s  throughput=11863 ev/s
2026-06-27 02:14:18,377 [INFO] Sent 1220000 / 2229453  (54.7%)  elapsed=102.7s  throughput=11875 ev/s
2026-06-27 02:14:18,709 [INFO] Sent 1225000 / 2229453  (54.9%)  elapsed=103.1s  throughput=11885 ev/s
2026-06-27 02:14:19,021 [INFO] Sent 1230000 / 2229453  (55.2%)  elapsed=103.4s  throughput=11897 ev/s
2026-06-27 02:14:19,548 [INFO] Sent 1235000 / 2229453  (55.4%)  elapsed=103.9s  throughput=11885 ev/s
2026-06-27 02:14:19,864 [INFO] Sent 1240000 / 2229453  (55.6%)  elapsed=104.2s  throughput=11897 ev/s
2026-06-27 02:14:20,184 [INFO] Sent 1245000 / 2229453  (55.8%)  elapsed=104.5s  throughput=11908 ev/s
2026-06-27 02:14:20,534 [INFO] Sent 1250000 / 2229453  (56.1%)  elapsed=104.9s  throughput=11916 ev/s
2026-06-27 02:14:21,143 [INFO] Sent 1255000 / 2229453  (56.3%)  elapsed=105.5s  throughput=11895 ev/s
2026-06-27 02:14:21,455 [INFO] Sent 1260000 / 2229453  (56.5%)  elapsed=105.8s  throughput=11907 ev/s
2026-06-27 02:14:21,783 [INFO] Sent 1265000 / 2229453  (56.7%)  elapsed=106.1s  throughput=11917 ev/s
2026-06-27 02:14:22,095 [INFO] Sent 1270000 / 2229453  (57.0%)  elapsed=106.5s  throughput=11929 ev/s
2026-06-27 02:14:22,695 [INFO] Sent 1275000 / 2229453  (57.2%)  elapsed=107.1s  throughput=11909 ev/s
2026-06-27 02:14:23,011 [INFO] Sent 1280000 / 2229453  (57.4%)  elapsed=107.4s  throughput=11921 ev/s
2026-06-27 02:14:23,329 [INFO] Sent 1285000 / 2229453  (57.6%)  elapsed=107.7s  throughput=11932 ev/s
2026-06-27 02:14:23,654 [INFO] Sent 1290000 / 2229453  (57.9%)  elapsed=108.0s  throughput=11942 ev/s
2026-06-27 02:14:24,166 [INFO] Sent 1295000 / 2229453  (58.1%)  elapsed=108.5s  throughput=11932 ev/s
2026-06-27 02:14:24,477 [INFO] Sent 1300000 / 2229453  (58.3%)  elapsed=108.8s  throughput=11944 ev/s
2026-06-27 02:14:24,807 [INFO] Sent 1305000 / 2229453  (58.5%)  elapsed=109.2s  throughput=11954 ev/s
2026-06-27 02:14:25,122 [INFO] Sent 1310000 / 2229453  (58.8%)  elapsed=109.5s  throughput=11965 ev/s
2026-06-27 02:14:25,646 [INFO] Sent 1315000 / 2229453  (59.0%)  elapsed=110.0s  throughput=11953 ev/s
2026-06-27 02:14:25,966 [INFO] Sent 1320000 / 2229453  (59.2%)  elapsed=110.3s  throughput=11964 ev/s
2026-06-27 02:14:26,281 [INFO] Sent 1325000 / 2229453  (59.4%)  elapsed=110.6s  throughput=11975 ev/s
2026-06-27 02:14:26,597 [INFO] Sent 1330000 / 2229453  (59.7%)  elapsed=111.0s  throughput=11986 ev/s
2026-06-27 02:14:27,254 [INFO] Sent 1335000 / 2229453  (59.9%)  elapsed=111.6s  throughput=11960 ev/s
2026-06-27 02:14:27,573 [INFO] Sent 1340000 / 2229453  (60.1%)  elapsed=111.9s  throughput=11971 ev/s
2026-06-27 02:14:27,889 [INFO] Sent 1345000 / 2229453  (60.3%)  elapsed=112.3s  throughput=11982 ev/s
2026-06-27 02:14:28,204 [INFO] Sent 1350000 / 2229453  (60.6%)  elapsed=112.6s  throughput=11993 ev/s
2026-06-27 02:14:28,743 [INFO] Sent 1355000 / 2229453  (60.8%)  elapsed=113.1s  throughput=11980 ev/s
2026-06-27 02:14:29,063 [INFO] Sent 1360000 / 2229453  (61.0%)  elapsed=113.4s  throughput=11990 ev/s
2026-06-27 02:14:29,383 [INFO] Sent 1365000 / 2229453  (61.2%)  elapsed=113.7s  throughput=12000 ev/s
2026-06-27 02:14:29,693 [INFO] Sent 1370000 / 2229453  (61.5%)  elapsed=114.1s  throughput=12012 ev/s
2026-06-27 02:14:30,241 [INFO] Sent 1375000 / 2229453  (61.7%)  elapsed=114.6s  throughput=11998 ev/s
2026-06-27 02:14:30,572 [INFO] Sent 1380000 / 2229453  (61.9%)  elapsed=114.9s  throughput=12007 ev/s
2026-06-27 02:14:30,887 [INFO] Sent 1385000 / 2229453  (62.1%)  elapsed=115.3s  throughput=12017 ev/s
2026-06-27 02:14:31,491 [INFO] Sent 1390000 / 2229453  (62.3%)  elapsed=115.9s  throughput=11998 ev/s
2026-06-27 02:14:31,811 [INFO] Sent 1395000 / 2229453  (62.6%)  elapsed=116.2s  throughput=12008 ev/s
2026-06-27 02:14:32,126 [INFO] Sent 1400000 / 2229453  (62.8%)  elapsed=116.5s  throughput=12018 ev/s
2026-06-27 02:14:32,438 [INFO] Sent 1405000 / 2229453  (63.0%)  elapsed=116.8s  throughput=12029 ev/s
2026-06-27 02:14:33,045 [INFO] Sent 1410000 / 2229453  (63.2%)  elapsed=117.4s  throughput=12009 ev/s
2026-06-27 02:14:33,361 [INFO] Sent 1415000 / 2229453  (63.5%)  elapsed=117.7s  throughput=12019 ev/s
2026-06-27 02:14:33,687 [INFO] Sent 1420000 / 2229453  (63.7%)  elapsed=118.1s  throughput=12029 ev/s
2026-06-27 02:14:33,999 [INFO] Sent 1425000 / 2229453  (63.9%)  elapsed=118.4s  throughput=12039 ev/s
2026-06-27 02:14:34,523 [INFO] Sent 1430000 / 2229453  (64.1%)  elapsed=118.9s  throughput=12028 ev/s
2026-06-27 02:14:34,848 [INFO] Sent 1435000 / 2229453  (64.4%)  elapsed=119.2s  throughput=12037 ev/s
2026-06-27 02:14:35,162 [INFO] Sent 1440000 / 2229453  (64.6%)  elapsed=119.5s  throughput=12047 ev/s
2026-06-27 02:14:35,478 [INFO] Sent 1445000 / 2229453  (64.8%)  elapsed=119.8s  throughput=12057 ev/s
2026-06-27 02:14:35,988 [INFO] Sent 1450000 / 2229453  (65.0%)  elapsed=120.4s  throughput=12048 ev/s
2026-06-27 02:14:36,314 [INFO] Sent 1455000 / 2229453  (65.3%)  elapsed=120.7s  throughput=12057 ev/s
2026-06-27 02:14:36,646 [INFO] Sent 1460000 / 2229453  (65.5%)  elapsed=121.0s  throughput=12065 ev/s
2026-06-27 02:14:36,998 [INFO] Sent 1465000 / 2229453  (65.7%)  elapsed=121.4s  throughput=12071 ev/s
2026-06-27 02:14:37,613 [INFO] Sent 1470000 / 2229453  (65.9%)  elapsed=122.0s  throughput=12051 ev/s
2026-06-27 02:14:37,921 [INFO] Sent 1475000 / 2229453  (66.2%)  elapsed=122.3s  throughput=12062 ev/s
2026-06-27 02:14:38,242 [INFO] Sent 1480000 / 2229453  (66.4%)  elapsed=122.6s  throughput=12071 ev/s
2026-06-27 02:14:38,552 [INFO] Sent 1485000 / 2229453  (66.6%)  elapsed=122.9s  throughput=12081 ev/s
2026-06-27 02:14:39,089 [INFO] Sent 1490000 / 2229453  (66.8%)  elapsed=123.5s  throughput=12069 ev/s
2026-06-27 02:14:39,409 [INFO] Sent 1495000 / 2229453  (67.1%)  elapsed=123.8s  throughput=12078 ev/s
2026-06-27 02:14:39,726 [INFO] Sent 1500000 / 2229453  (67.3%)  elapsed=124.1s  throughput=12088 ev/s
2026-06-27 02:14:40,043 [INFO] Sent 1505000 / 2229453  (67.5%)  elapsed=124.4s  throughput=12097 ev/s
2026-06-27 02:14:40,580 [INFO] Sent 1510000 / 2229453  (67.7%)  elapsed=124.9s  throughput=12085 ev/s
2026-06-27 02:14:40,905 [INFO] Sent 1515000 / 2229453  (68.0%)  elapsed=125.3s  throughput=12094 ev/s
2026-06-27 02:14:41,220 [INFO] Sent 1520000 / 2229453  (68.2%)  elapsed=125.6s  throughput=12103 ev/s
2026-06-27 02:14:41,544 [INFO] Sent 1525000 / 2229453  (68.4%)  elapsed=125.9s  throughput=12112 ev/s
2026-06-27 02:14:42,150 [INFO] Sent 1530000 / 2229453  (68.6%)  elapsed=126.5s  throughput=12093 ev/s
2026-06-27 02:14:42,467 [INFO] Sent 1535000 / 2229453  (68.9%)  elapsed=126.8s  throughput=12103 ev/s
2026-06-27 02:14:42,793 [INFO] Sent 1540000 / 2229453  (69.1%)  elapsed=127.2s  throughput=12111 ev/s
2026-06-27 02:14:43,114 [INFO] Sent 1545000 / 2229453  (69.3%)  elapsed=127.5s  throughput=12120 ev/s
2026-06-27 02:14:43,704 [INFO] Sent 1550000 / 2229453  (69.5%)  elapsed=128.1s  throughput=12103 ev/s
2026-06-27 02:14:44,020 [INFO] Sent 1555000 / 2229453  (69.7%)  elapsed=128.4s  throughput=12112 ev/s
2026-06-27 02:14:44,336 [INFO] Sent 1560000 / 2229453  (70.0%)  elapsed=128.7s  throughput=12121 ev/s
2026-06-27 02:14:44,652 [INFO] Sent 1565000 / 2229453  (70.2%)  elapsed=129.0s  throughput=12130 ev/s
2026-06-27 02:14:45,170 [INFO] Sent 1570000 / 2229453  (70.4%)  elapsed=129.5s  throughput=12120 ev/s
2026-06-27 02:14:45,479 [INFO] Sent 1575000 / 2229453  (70.6%)  elapsed=129.8s  throughput=12130 ev/s
2026-06-27 02:14:45,794 [INFO] Sent 1580000 / 2229453  (70.9%)  elapsed=130.2s  throughput=12139 ev/s
2026-06-27 02:14:46,109 [INFO] Sent 1585000 / 2229453  (71.1%)  elapsed=130.5s  throughput=12148 ev/s
2026-06-27 02:14:46,646 [INFO] Sent 1590000 / 2229453  (71.3%)  elapsed=131.0s  throughput=12136 ev/s
2026-06-27 02:14:46,962 [INFO] Sent 1595000 / 2229453  (71.5%)  elapsed=131.3s  throughput=12145 ev/s
2026-06-27 02:14:47,280 [INFO] Sent 1600000 / 2229453  (71.8%)  elapsed=131.6s  throughput=12154 ev/s
2026-06-27 02:14:47,596 [INFO] Sent 1605000 / 2229453  (72.0%)  elapsed=132.0s  throughput=12163 ev/s
2026-06-27 02:14:48,258 [INFO] Sent 1610000 / 2229453  (72.2%)  elapsed=132.6s  throughput=12140 ev/s
2026-06-27 02:14:48,572 [INFO] Sent 1615000 / 2229453  (72.4%)  elapsed=132.9s  throughput=12149 ev/s
2026-06-27 02:14:48,889 [INFO] Sent 1620000 / 2229453  (72.7%)  elapsed=133.3s  throughput=12157 ev/s
2026-06-27 02:14:49,211 [INFO] Sent 1625000 / 2229453  (72.9%)  elapsed=133.6s  throughput=12165 ev/s
2026-06-27 02:14:49,749 [INFO] Sent 1630000 / 2229453  (73.1%)  elapsed=134.1s  throughput=12154 ev/s
2026-06-27 02:14:50,055 [INFO] Sent 1635000 / 2229453  (73.3%)  elapsed=134.4s  throughput=12163 ev/s
2026-06-27 02:14:50,370 [INFO] Sent 1640000 / 2229453  (73.6%)  elapsed=134.7s  throughput=12172 ev/s
2026-06-27 02:14:50,710 [INFO] Sent 1645000 / 2229453  (73.8%)  elapsed=135.1s  throughput=12178 ev/s
2026-06-27 02:14:51,245 [INFO] Sent 1650000 / 2229453  (74.0%)  elapsed=135.6s  throughput=12167 ev/s
2026-06-27 02:14:51,563 [INFO] Sent 1655000 / 2229453  (74.2%)  elapsed=135.9s  throughput=12176 ev/s
2026-06-27 02:14:51,874 [INFO] Sent 1660000 / 2229453  (74.5%)  elapsed=136.2s  throughput=12184 ev/s
2026-06-27 02:14:52,503 [INFO] Sent 1665000 / 2229453  (74.7%)  elapsed=136.9s  throughput=12165 ev/s
2026-06-27 02:14:52,859 [INFO] Sent 1670000 / 2229453  (74.9%)  elapsed=137.2s  throughput=12170 ev/s
2026-06-27 02:14:53,210 [INFO] Sent 1675000 / 2229453  (75.1%)  elapsed=137.6s  throughput=12175 ev/s
2026-06-27 02:14:53,544 [INFO] Sent 1680000 / 2229453  (75.4%)  elapsed=137.9s  throughput=12182 ev/s
2026-06-27 02:14:54,053 [INFO] Sent 1685000 / 2229453  (75.6%)  elapsed=138.4s  throughput=12173 ev/s
2026-06-27 02:14:54,369 [INFO] Sent 1690000 / 2229453  (75.8%)  elapsed=138.7s  throughput=12182 ev/s
2026-06-27 02:14:54,690 [INFO] Sent 1695000 / 2229453  (76.0%)  elapsed=139.1s  throughput=12189 ev/s
2026-06-27 02:14:55,014 [INFO] Sent 1700000 / 2229453  (76.3%)  elapsed=139.4s  throughput=12197 ev/s
2026-06-27 02:14:55,535 [INFO] Sent 1705000 / 2229453  (76.5%)  elapsed=139.9s  throughput=12187 ev/s
2026-06-27 02:14:55,851 [INFO] Sent 1710000 / 2229453  (76.7%)  elapsed=140.2s  throughput=12195 ev/s
2026-06-27 02:14:56,167 [INFO] Sent 1715000 / 2229453  (76.9%)  elapsed=140.5s  throughput=12204 ev/s
2026-06-27 02:14:56,487 [INFO] Sent 1720000 / 2229453  (77.1%)  elapsed=140.9s  throughput=12211 ev/s
2026-06-27 02:14:57,015 [INFO] Sent 1725000 / 2229453  (77.4%)  elapsed=141.4s  throughput=12201 ev/s
2026-06-27 02:14:57,331 [INFO] Sent 1730000 / 2229453  (77.6%)  elapsed=141.7s  throughput=12209 ev/s
2026-06-27 02:14:57,644 [INFO] Sent 1735000 / 2229453  (77.8%)  elapsed=142.0s  throughput=12217 ev/s
2026-06-27 02:14:57,956 [INFO] Sent 1740000 / 2229453  (78.0%)  elapsed=142.3s  throughput=12226 ev/s
2026-06-27 02:14:58,636 [INFO] Sent 1745000 / 2229453  (78.3%)  elapsed=143.0s  throughput=12203 ev/s
2026-06-27 02:14:58,960 [INFO] Sent 1750000 / 2229453  (78.5%)  elapsed=143.3s  throughput=12210 ev/s
2026-06-27 02:14:59,283 [INFO] Sent 1755000 / 2229453  (78.7%)  elapsed=143.6s  throughput=12217 ev/s
2026-06-27 02:14:59,597 [INFO] Sent 1760000 / 2229453  (78.9%)  elapsed=144.0s  throughput=12225 ev/s
2026-06-27 02:15:00,118 [INFO] Sent 1765000 / 2229453  (79.2%)  elapsed=144.5s  throughput=12216 ev/s
2026-06-27 02:15:00,435 [INFO] Sent 1770000 / 2229453  (79.4%)  elapsed=144.8s  throughput=12224 ev/s
2026-06-27 02:15:00,770 [INFO] Sent 1775000 / 2229453  (79.6%)  elapsed=145.1s  throughput=12230 ev/s
2026-06-27 02:15:01,083 [INFO] Sent 1780000 / 2229453  (79.8%)  elapsed=145.4s  throughput=12238 ev/s
2026-06-27 02:15:01,609 [INFO] Sent 1785000 / 2229453  (80.1%)  elapsed=146.0s  throughput=12228 ev/s
2026-06-27 02:15:01,921 [INFO] Sent 1790000 / 2229453  (80.3%)  elapsed=146.3s  throughput=12236 ev/s
2026-06-27 02:15:02,238 [INFO] Sent 1795000 / 2229453  (80.5%)  elapsed=146.6s  throughput=12244 ev/s
2026-06-27 02:15:02,566 [INFO] Sent 1800000 / 2229453  (80.7%)  elapsed=146.9s  throughput=12251 ev/s
2026-06-27 02:15:03,183 [INFO] Sent 1805000 / 2229453  (81.0%)  elapsed=147.5s  throughput=12233 ev/s
2026-06-27 02:15:03,502 [INFO] Sent 1810000 / 2229453  (81.2%)  elapsed=147.9s  throughput=12241 ev/s
2026-06-27 02:15:03,826 [INFO] Sent 1815000 / 2229453  (81.4%)  elapsed=148.2s  throughput=12248 ev/s
2026-06-27 02:15:04,149 [INFO] Sent 1820000 / 2229453  (81.6%)  elapsed=148.5s  throughput=12255 ev/s
2026-06-27 02:15:04,739 [INFO] Sent 1825000 / 2229453  (81.9%)  elapsed=149.1s  throughput=12240 ev/s
2026-06-27 02:15:05,066 [INFO] Sent 1830000 / 2229453  (82.1%)  elapsed=149.4s  throughput=12246 ev/s
2026-06-27 02:15:05,382 [INFO] Sent 1835000 / 2229453  (82.3%)  elapsed=149.7s  throughput=12254 ev/s
2026-06-27 02:15:05,705 [INFO] Sent 1840000 / 2229453  (82.5%)  elapsed=150.1s  throughput=12261 ev/s
2026-06-27 02:15:06,220 [INFO] Sent 1845000 / 2229453  (82.8%)  elapsed=150.6s  throughput=12252 ev/s
2026-06-27 02:15:06,538 [INFO] Sent 1850000 / 2229453  (83.0%)  elapsed=150.9s  throughput=12259 ev/s
2026-06-27 02:15:06,862 [INFO] Sent 1855000 / 2229453  (83.2%)  elapsed=151.2s  throughput=12266 ev/s
2026-06-27 02:15:07,181 [INFO] Sent 1860000 / 2229453  (83.4%)  elapsed=151.5s  throughput=12273 ev/s
2026-06-27 02:15:07,708 [INFO] Sent 1865000 / 2229453  (83.7%)  elapsed=152.1s  throughput=12264 ev/s
2026-06-27 02:15:08,024 [INFO] Sent 1870000 / 2229453  (83.9%)  elapsed=152.4s  throughput=12271 ev/s
2026-06-27 02:15:08,340 [INFO] Sent 1875000 / 2229453  (84.1%)  elapsed=152.7s  throughput=12278 ev/s
2026-06-27 02:15:09,051 [INFO] Sent 1880000 / 2229453  (84.3%)  elapsed=153.4s  throughput=12254 ev/s
2026-06-27 02:15:09,401 [INFO] Sent 1885000 / 2229453  (84.5%)  elapsed=153.8s  throughput=12259 ev/s
2026-06-27 02:15:09,736 [INFO] Sent 1890000 / 2229453  (84.8%)  elapsed=154.1s  throughput=12264 ev/s
2026-06-27 02:15:10,061 [INFO] Sent 1895000 / 2229453  (85.0%)  elapsed=154.4s  throughput=12271 ev/s
2026-06-27 02:15:10,535 [INFO] Sent 1900000 / 2229453  (85.2%)  elapsed=154.9s  throughput=12266 ev/s
2026-06-27 02:15:10,853 [INFO] Sent 1905000 / 2229453  (85.4%)  elapsed=155.2s  throughput=12273 ev/s
2026-06-27 02:15:11,172 [INFO] Sent 1910000 / 2229453  (85.7%)  elapsed=155.5s  throughput=12280 ev/s
2026-06-27 02:15:11,495 [INFO] Sent 1915000 / 2229453  (85.9%)  elapsed=155.9s  throughput=12287 ev/s
2026-06-27 02:15:12,006 [INFO] Sent 1920000 / 2229453  (86.1%)  elapsed=156.4s  throughput=12278 ev/s
2026-06-27 02:15:12,331 [INFO] Sent 1925000 / 2229453  (86.3%)  elapsed=156.7s  throughput=12285 ev/s
2026-06-27 02:15:12,653 [INFO] Sent 1930000 / 2229453  (86.6%)  elapsed=157.0s  throughput=12291 ev/s
2026-06-27 02:15:12,980 [INFO] Sent 1935000 / 2229453  (86.8%)  elapsed=157.3s  throughput=12298 ev/s
2026-06-27 02:15:13,605 [INFO] Sent 1940000 / 2229453  (87.0%)  elapsed=158.0s  throughput=12281 ev/s
2026-06-27 02:15:13,937 [INFO] Sent 1945000 / 2229453  (87.2%)  elapsed=158.3s  throughput=12286 ev/s
2026-06-27 02:15:14,259 [INFO] Sent 1950000 / 2229453  (87.5%)  elapsed=158.6s  throughput=12293 ev/s
2026-06-27 02:15:14,579 [INFO] Sent 1955000 / 2229453  (87.7%)  elapsed=158.9s  throughput=12300 ev/s
2026-06-27 02:15:15,145 [INFO] Sent 1960000 / 2229453  (87.9%)  elapsed=159.5s  throughput=12287 ev/s
2026-06-27 02:15:15,460 [INFO] Sent 1965000 / 2229453  (88.1%)  elapsed=159.8s  throughput=12295 ev/s
2026-06-27 02:15:15,781 [INFO] Sent 1970000 / 2229453  (88.4%)  elapsed=160.1s  throughput=12301 ev/s
2026-06-27 02:15:16,105 [INFO] Sent 1975000 / 2229453  (88.6%)  elapsed=160.5s  throughput=12307 ev/s
2026-06-27 02:15:16,618 [INFO] Sent 1980000 / 2229453  (88.8%)  elapsed=161.0s  throughput=12299 ev/s
2026-06-27 02:15:16,941 [INFO] Sent 1985000 / 2229453  (89.0%)  elapsed=161.3s  throughput=12306 ev/s
2026-06-27 02:15:17,265 [INFO] Sent 1990000 / 2229453  (89.3%)  elapsed=161.6s  throughput=12312 ev/s
2026-06-27 02:15:17,577 [INFO] Sent 1995000 / 2229453  (89.5%)  elapsed=161.9s  throughput=12319 ev/s
2026-06-27 02:15:18,098 [INFO] Sent 2000000 / 2229453  (89.7%)  elapsed=162.5s  throughput=12310 ev/s
2026-06-27 02:15:18,414 [INFO] Sent 2005000 / 2229453  (89.9%)  elapsed=162.8s  throughput=12317 ev/s
2026-06-27 02:15:18,729 [INFO] Sent 2010000 / 2229453  (90.2%)  elapsed=163.1s  throughput=12324 ev/s
2026-06-27 02:15:19,041 [INFO] Sent 2015000 / 2229453  (90.4%)  elapsed=163.4s  throughput=12331 ev/s
2026-06-27 02:15:19,741 [INFO] Sent 2020000 / 2229453  (90.6%)  elapsed=164.1s  throughput=12309 ev/s
2026-06-27 02:15:20,062 [INFO] Sent 2025000 / 2229453  (90.8%)  elapsed=164.4s  throughput=12315 ev/s
2026-06-27 02:15:20,383 [INFO] Sent 2030000 / 2229453  (91.1%)  elapsed=164.7s  throughput=12322 ev/s
2026-06-27 02:15:20,725 [INFO] Sent 2035000 / 2229453  (91.3%)  elapsed=165.1s  throughput=12326 ev/s
2026-06-27 02:15:21,213 [INFO] Sent 2040000 / 2229453  (91.5%)  elapsed=165.6s  throughput=12320 ev/s
2026-06-27 02:15:21,527 [INFO] Sent 2045000 / 2229453  (91.7%)  elapsed=165.9s  throughput=12327 ev/s
2026-06-27 02:15:21,862 [INFO] Sent 2050000 / 2229453  (92.0%)  elapsed=166.2s  throughput=12332 ev/s
2026-06-27 02:15:22,171 [INFO] Sent 2055000 / 2229453  (92.2%)  elapsed=166.5s  throughput=12339 ev/s
2026-06-27 02:15:22,705 [INFO] Sent 2060000 / 2229453  (92.4%)  elapsed=167.1s  throughput=12330 ev/s
2026-06-27 02:15:23,023 [INFO] Sent 2065000 / 2229453  (92.6%)  elapsed=167.4s  throughput=12336 ev/s
2026-06-27 02:15:23,339 [INFO] Sent 2070000 / 2229453  (92.8%)  elapsed=167.7s  throughput=12343 ev/s
2026-06-27 02:15:23,971 [INFO] Sent 2075000 / 2229453  (93.1%)  elapsed=168.3s  throughput=12326 ev/s
2026-06-27 02:15:24,303 [INFO] Sent 2080000 / 2229453  (93.3%)  elapsed=168.7s  throughput=12332 ev/s
2026-06-27 02:15:24,614 [INFO] Sent 2085000 / 2229453  (93.5%)  elapsed=169.0s  throughput=12339 ev/s
2026-06-27 02:15:24,950 [INFO] Sent 2090000 / 2229453  (93.7%)  elapsed=169.3s  throughput=12344 ev/s
2026-06-27 02:15:25,558 [INFO] Sent 2095000 / 2229453  (94.0%)  elapsed=169.9s  throughput=12329 ev/s
2026-06-27 02:15:25,884 [INFO] Sent 2100000 / 2229453  (94.2%)  elapsed=170.3s  throughput=12335 ev/s
2026-06-27 02:15:26,205 [INFO] Sent 2105000 / 2229453  (94.4%)  elapsed=170.6s  throughput=12341 ev/s
2026-06-27 02:15:26,515 [INFO] Sent 2110000 / 2229453  (94.6%)  elapsed=170.9s  throughput=12348 ev/s
2026-06-27 02:15:27,028 [INFO] Sent 2115000 / 2229453  (94.9%)  elapsed=171.4s  throughput=12340 ev/s
2026-06-27 02:15:27,340 [INFO] Sent 2120000 / 2229453  (95.1%)  elapsed=171.7s  throughput=12347 ev/s
2026-06-27 02:15:27,668 [INFO] Sent 2125000 / 2229453  (95.3%)  elapsed=172.0s  throughput=12352 ev/s
2026-06-27 02:15:27,988 [INFO] Sent 2130000 / 2229453  (95.5%)  elapsed=172.4s  throughput=12358 ev/s
2026-06-27 02:15:28,513 [INFO] Sent 2135000 / 2229453  (95.8%)  elapsed=172.9s  throughput=12350 ev/s
2026-06-27 02:15:28,828 [INFO] Sent 2140000 / 2229453  (96.0%)  elapsed=173.2s  throughput=12356 ev/s
2026-06-27 02:15:29,151 [INFO] Sent 2145000 / 2229453  (96.2%)  elapsed=173.5s  throughput=12362 ev/s
2026-06-27 02:15:29,467 [INFO] Sent 2150000 / 2229453  (96.4%)  elapsed=173.8s  throughput=12368 ev/s
2026-06-27 02:15:30,172 [INFO] Sent 2155000 / 2229453  (96.7%)  elapsed=174.5s  throughput=12347 ev/s
2026-06-27 02:15:30,493 [INFO] Sent 2160000 / 2229453  (96.9%)  elapsed=174.9s  throughput=12353 ev/s
2026-06-27 02:15:30,824 [INFO] Sent 2165000 / 2229453  (97.1%)  elapsed=175.2s  throughput=12358 ev/s
2026-06-27 02:15:31,140 [INFO] Sent 2170000 / 2229453  (97.3%)  elapsed=175.5s  throughput=12364 ev/s
2026-06-27 02:15:31,642 [INFO] Sent 2175000 / 2229453  (97.6%)  elapsed=176.0s  throughput=12357 ev/s
2026-06-27 02:15:31,962 [INFO] Sent 2180000 / 2229453  (97.8%)  elapsed=176.3s  throughput=12363 ev/s
2026-06-27 02:15:32,277 [INFO] Sent 2185000 / 2229453  (98.0%)  elapsed=176.6s  throughput=12369 ev/s
2026-06-27 02:15:32,602 [INFO] Sent 2190000 / 2229453  (98.2%)  elapsed=177.0s  throughput=12375 ev/s
2026-06-27 02:15:33,130 [INFO] Sent 2195000 / 2229453  (98.5%)  elapsed=177.5s  throughput=12366 ev/s
2026-06-27 02:15:33,452 [INFO] Sent 2200000 / 2229453  (98.7%)  elapsed=177.8s  throughput=12372 ev/s
2026-06-27 02:15:33,782 [INFO] Sent 2205000 / 2229453  (98.9%)  elapsed=178.2s  throughput=12377 ev/s
2026-06-27 02:15:34,100 [INFO] Sent 2210000 / 2229453  (99.1%)  elapsed=178.5s  throughput=12383 ev/s
2026-06-27 02:15:34,729 [INFO] Sent 2215000 / 2229453  (99.4%)  elapsed=179.1s  throughput=12368 ev/s
2026-06-27 02:15:35,065 [INFO] Sent 2220000 / 2229453  (99.6%)  elapsed=179.4s  throughput=12372 ev/s
2026-06-27 02:15:35,383 [INFO] Sent 2225000 / 2229453  (99.8%)  elapsed=179.8s  throughput=12378 ev/s
2026-06-27 02:15:35,664 [INFO] Replay complete: 2229453 events in 180.0 s (avg 12384 ev/s) — delayed: 669518 (30.0%)
2026-06-27 02:15:35,666 [INFO] Out-of-order emitted: 146145 events (6.56% of emitted events)
2026-06-27 02:15:35,962 [INFO] End-of-stream markers sent to 4 partition(s) (event_time=2200-01-01 00:00:00+00:00) — final event-time windows will flush at the next checkpoint.
2026-06-27 02:15:35,963 [INFO] <KafkaProducer client_id=kafka-python-producer-1 transactional_id=None>: Closing the Kafka producer with 9223372036.0 secs timeout.
2026-06-27 02:15:35,963 [INFO] <BrokerConnection client_id=kafka-python-producer-1, node_id=1 host=kafka:9092 <connected> [IPv4 ('172.18.0.2', 9092)]>: Closing connection. 
2026-06-27 02:15:35,964 [INFO] Producer closed.
